<?xml version="1.0" encoding="UTF-8"?>
<!-- Generated by org.testng.reporters.JUnitReportReporter -->
<testsuite hostname="VABD010627" failures="0" tests="2" name="Baseclass.BaseTest" time="85.948" errors="0" timestamp="2022-02-13T23:46:27 IST" skipped="0">
  <testcase classname="Baseclass.BaseTest" name="test_signup" time="55.463"/>
  <system-out/>
  <testcase classname="Baseclass.BaseTest" name="test_shopping" time="30.485"/>
  <system-out/>
</testsuite> <!-- Baseclass.BaseTest -->
